2022-10-21 11:59:13,562 - Log4JLogChute initialized using file 'velocity.log'
2022-10-21 11:59:13,562 - Initializing Velocity, Calling init()...
2022-10-21 11:59:13,562 - Starting Apache Velocity v1.7 (compiled: 2010-11-19 12:14:37)
2022-10-21 11:59:13,562 - Default Properties File: org/apache/velocity/runtime/defaults/velocity.properties
2022-10-21 11:59:13,562 - Trying to use logger class org.apache.velocity.runtime.log.AvalonLogChute
2022-10-21 11:59:13,562 - Target log system for org.apache.velocity.runtime.log.AvalonLogChute is not available (java.lang.NoClassDefFoundError: org/apache/log/format/Formatter).  Falling back to next log system...
2022-10-21 11:59:13,562 - Trying to use logger class org.apache.velocity.runtime.log.Log4JLogChute
2022-10-21 11:59:13,562 - Using logger class org.apache.velocity.runtime.log.Log4JLogChute
2022-10-21 11:59:13,563 - ResourceLoader instantiated: org.apache.velocity.runtime.resource.loader.ClasspathResourceLoader
2022-10-21 11:59:13,568 - ResourceCache: initialized (class org.apache.velocity.runtime.resource.ResourceCacheImpl) with class java.util.Collections$SynchronizedMap cache map.
2022-10-21 11:59:13,568 - Loaded System Directive: org.apache.velocity.runtime.directive.Stop
2022-10-21 11:59:13,569 - Loaded System Directive: org.apache.velocity.runtime.directive.Define
2022-10-21 11:59:13,569 - Loaded System Directive: org.apache.velocity.runtime.directive.Break
2022-10-21 11:59:13,569 - Loaded System Directive: org.apache.velocity.runtime.directive.Evaluate
2022-10-21 11:59:13,569 - Loaded System Directive: org.apache.velocity.runtime.directive.Literal
2022-10-21 11:59:13,570 - Loaded System Directive: org.apache.velocity.runtime.directive.Macro
2022-10-21 11:59:13,570 - Loaded System Directive: org.apache.velocity.runtime.directive.Parse
2022-10-21 11:59:13,573 - Loaded System Directive: org.apache.velocity.runtime.directive.Include
2022-10-21 11:59:13,574 - Loaded System Directive: org.apache.velocity.runtime.directive.Foreach
2022-10-21 11:59:13,591 - Created '20' parsers.
2022-10-21 11:59:13,594 - Velocimacro : allowInline = true : VMs can be defined inline in templates
2022-10-21 11:59:13,594 - Velocimacro : allowInlineToOverride = false : VMs defined inline may NOT replace previous VM definitions
2022-10-21 11:59:13,594 - Velocimacro : allowInlineLocal = false : VMs defined inline will be global in scope if allowed.
2022-10-21 11:59:13,594 - Velocimacro : autoload off : VM system will not automatically reload global library macros
2022-10-21 11:59:13,602 - ResourceManager : found templates/jdk8/index.vm with loader org.apache.velocity.runtime.resource.loader.ClasspathResourceLoader
2022-10-21 11:59:13,606 - ResourceManager : found templates/jdk8/overview-frame.vm with loader org.apache.velocity.runtime.resource.loader.ClasspathResourceLoader
2022-10-21 11:59:13,614 - ResourceManager : found templates/jdk8/allclasses-frame.vm with loader org.apache.velocity.runtime.resource.loader.ClasspathResourceLoader
2022-10-21 11:59:13,621 - ResourceManager : found templates/jdk8/overview-summary.vm with loader org.apache.velocity.runtime.resource.loader.ClasspathResourceLoader
2022-10-21 11:59:13,623 - ResourceManager : found templates/jdk8/package-summary.vm with loader org.apache.velocity.runtime.resource.loader.ClasspathResourceLoader
2022-10-21 11:59:13,625 - ResourceManager : found templates/jdk8/package-frame.vm with loader org.apache.velocity.runtime.resource.loader.ClasspathResourceLoader
2022-10-21 11:59:13,627 - ResourceManager : found templates/jdk8/package-summary.vm with loader org.apache.velocity.runtime.resource.loader.ClasspathResourceLoader
2022-10-21 11:59:13,628 - ResourceManager : found templates/jdk8/package-frame.vm with loader org.apache.velocity.runtime.resource.loader.ClasspathResourceLoader
2022-10-21 11:59:13,630 - ResourceManager : found templates/jdk8/package-summary.vm with loader org.apache.velocity.runtime.resource.loader.ClasspathResourceLoader
2022-10-21 11:59:13,630 - ResourceManager : found templates/jdk8/package-frame.vm with loader org.apache.velocity.runtime.resource.loader.ClasspathResourceLoader
2022-10-21 11:59:13,632 - ResourceManager : found templates/jdk8/package-summary.vm with loader org.apache.velocity.runtime.resource.loader.ClasspathResourceLoader
2022-10-21 11:59:13,633 - ResourceManager : found templates/jdk8/package-frame.vm with loader org.apache.velocity.runtime.resource.loader.ClasspathResourceLoader
